{"level":"info","time":"2023-02-02T17:47:46.041+0530","caller":"cobra@v1.1.1/command.go:854","msg":"LambdaTest Tunnel version: 3.1.25"}
{"level":"debug","time":"2023-02-02T17:47:46.042+0530","caller":"cmd/lt.go:211","msg":"Starting pipeline....."}
{"level":"debug","time":"2023-02-02T17:47:46.042+0530","caller":"cmd/lt.go:211","msg":"OS: windows, Arch: amd64"}
{"level":"debug","time":"2023-02-02T17:47:46.042+0530","caller":"cmd/lt.go:211","msg":"Fetching config"}
{"level":"debug","time":"2023-02-02T17:47:46.042+0530","caller":"runtime/asm_amd64.s:1594","msg":"Starting tunnel With flags: --user deepanshulambdatest --key ***** --infoAPIPort 52594 --callbackURL http://127.0.0.1:52595 --tunnelName Serenity"}
{"level":"debug","time":"2023-02-02T17:47:46.549+0530","caller":"cmd/lt.go:211","msg":"Remote config fetched"}
{"level":"debug","time":"2023-02-02T17:47:46.812+0530","caller":"runtime/asm_amd64.s:1594","msg":"Trying on port 22"}
{"level":"debug","time":"2023-02-02T17:47:46.812+0530","caller":"runtime/asm_amd64.s:1594","msg":"Trying over ssh over ws"}
{"level":"debug","time":"2023-02-02T17:47:46.812+0530","caller":"runtime/asm_amd64.s:1594","msg":"Starting the callback agent"}
{"level":"debug","time":"2023-02-02T17:47:46.812+0530","caller":"core/lifecycle.go:152","msg":"Starting API server"}
{"level":"debug","time":"2023-02-02T17:47:46.812+0530","caller":"core/lifecycle.go:138","msg":"Starting sink proxy"}
{"level":"debug","time":"2023-02-02T17:47:46.812+0530","caller":"runtime/asm_amd64.s:1594","msg":"Trying on port 443"}
{"level":"debug","time":"2023-02-02T17:47:46.813+0530","caller":"apiserver/setup.go:173","msg":"Starting API server for tunnel info on port: 52594"}
{"level":"info","time":"2023-02-02T17:47:46.876+0530","caller":"custom/setup.go:749","msg":"Tunnel binary started on port :9090"}
{"level":"debug","time":"2023-02-02T17:47:47.266+0530","caller":"runtime/asm_amd64.s:1594","msg":"WSS connection was successful"}
{"level":"debug","time":"2023-02-02T17:47:47.925+0530","caller":"runtime/asm_amd64.s:1594","msg":"SSH connection over port 443 successful"}
{"level":"debug","time":"2023-02-02T17:47:47.961+0530","caller":"runtime/asm_amd64.s:1594","msg":"SSH connection over ws successful"}
{"level":"debug","time":"2023-02-02T17:47:48.015+0530","caller":"runtime/asm_amd64.s:1594","msg":"SSH connection over port 22 successful"}
{"level":"info","time":"2023-02-02T17:47:48.015+0530","caller":"core/lifecycle.go:115","msg":"Using ssh(over_22) :: connection mode"}
{"level":"info","time":"2023-02-02T17:47:48.015+0530","caller":"cmd/lt.go:211","msg":"Launching tunnel"}
{"level":"debug","time":"2023-02-02T17:47:48.015+0530","caller":"core/lifecycle.go:233","msg":"Starting control ws connection at wss://ts.lambdatest.com/monitor"}
{"level":"debug","time":"2023-02-02T17:47:48.483+0530","caller":"core/lifecycle.go:233","msg":"Control ws channel opened"}
{"level":"debug","time":"2023-02-02T17:47:48.484+0530","caller":"runtime/asm_amd64.s:1594","msg":"Starting message listener on control connection"}
{"level":"debug","time":"2023-02-02T17:47:50.469+0530","caller":"runtime/asm_amd64.s:1594","msg":"Tunnel registered message received on control channel"}
{"level":"debug","time":"2023-02-02T17:47:50.469+0530","caller":"runtime/asm_amd64.s:1594","msg":"controller bus registered"}
{"level":"debug","time":"2023-02-02T17:47:50.469+0530","caller":"runtime/asm_amd64.s:1594","msg":"Sending tunnel registered message to channels"}
{"level":"debug","time":"2023-02-02T17:47:50.469+0530","caller":"core/lifecycle.go:283","msg":"Using 5 ssh connection"}
{"level":"debug","time":"2023-02-02T17:47:51.330+0530","caller":"runtime/asm_amd64.s:1594","msg":"Successfully started sshd listener on port: 30735"}
{"level":"debug","time":"2023-02-02T17:47:51.342+0530","caller":"runtime/asm_amd64.s:1594","msg":"Successfully started sshd listener on port: 16952"}
{"level":"info","time":"2023-02-02T17:47:51.342+0530","caller":"runtime/asm_amd64.s:1594","msg":"You can start testing now"}
{"level":"info","time":"2023-02-02T17:47:51.342+0530","caller":"runtime/asm_amd64.s:1594","msg":"Tunnel ID: 3072626"}
{"level":"debug","time":"2023-02-02T17:47:51.342+0530","caller":"runtime/asm_amd64.s:1594","msg":"Remote Listener Started on Port 3473"}
{"level":"debug","time":"2023-02-02T17:47:51.360+0530","caller":"runtime/asm_amd64.s:1594","msg":"Successfully started sshd listener on port: 30028"}
{"level":"debug","time":"2023-02-02T17:47:51.476+0530","caller":"runtime/asm_amd64.s:1594","msg":"Successfully started sshd listener on port: 14071"}
{"level":"debug","time":"2023-02-02T17:47:51.488+0530","caller":"runtime/asm_amd64.s:1594","msg":"Successfully started sshd listener on port: 14281"}
{"level":"error","time":"2023-02-02T17:47:51.735+0530","caller":"runtime/asm_amd64.s:1594","msg":"ERR::API::WEB::HOK : Unable to call webhook url :  \nPost \"http://127.0.0.1:52595\": EOF "}
{"level":"info","time":"2023-02-02T17:48:23.284+0530","caller":"runtime/asm_amd64.s:1594","msg":"Tunnel closure requested from server. Exiting"}
{"level":"info","time":"2023-02-02T20:03:06.874+0530","caller":"cobra@v1.1.1/command.go:854","msg":"LambdaTest Tunnel version: 3.1.25"}
{"level":"debug","time":"2023-02-02T20:03:06.875+0530","caller":"cmd/lt.go:211","msg":"Starting pipeline....."}
{"level":"debug","time":"2023-02-02T20:03:06.876+0530","caller":"cmd/lt.go:211","msg":"OS: windows, Arch: amd64"}
{"level":"debug","time":"2023-02-02T20:03:06.876+0530","caller":"cmd/lt.go:211","msg":"Fetching config"}
{"level":"debug","time":"2023-02-02T20:03:06.876+0530","caller":"runtime/asm_amd64.s:1594","msg":"Starting tunnel With flags: --user deepanshulambdatest --key ***** --infoAPIPort 53342 --callbackURL http://127.0.0.1:53343 --tunnelName Serenity"}
{"level":"debug","time":"2023-02-02T20:03:07.474+0530","caller":"cmd/lt.go:211","msg":"Remote config fetched"}
{"level":"debug","time":"2023-02-02T20:03:07.722+0530","caller":"core/lifecycle.go:138","msg":"Starting sink proxy"}
{"level":"debug","time":"2023-02-02T20:03:07.722+0530","caller":"core/lifecycle.go:152","msg":"Starting API server"}
{"level":"debug","time":"2023-02-02T20:03:07.722+0530","caller":"apiserver/setup.go:173","msg":"Starting API server for tunnel info on port: 53342"}
{"level":"debug","time":"2023-02-02T20:03:07.722+0530","caller":"runtime/asm_amd64.s:1594","msg":"Starting the callback agent"}
{"level":"debug","time":"2023-02-02T20:03:07.722+0530","caller":"runtime/asm_amd64.s:1594","msg":"Trying on port 22"}
{"level":"debug","time":"2023-02-02T20:03:07.732+0530","caller":"runtime/asm_amd64.s:1594","msg":"Trying over ssh over ws"}
{"level":"debug","time":"2023-02-02T20:03:07.732+0530","caller":"runtime/asm_amd64.s:1594","msg":"Trying on port 443"}
{"level":"info","time":"2023-02-02T20:03:07.789+0530","caller":"custom/setup.go:749","msg":"Tunnel binary started on port :9090"}
{"level":"debug","time":"2023-02-02T20:03:07.838+0530","caller":"runtime/asm_amd64.s:1594","msg":"WSS connection was successful"}
{"level":"debug","time":"2023-02-02T20:03:08.627+0530","caller":"runtime/asm_amd64.s:1594","msg":"SSH connection over port 443 successful"}
{"level":"debug","time":"2023-02-02T20:03:08.631+0530","caller":"runtime/asm_amd64.s:1594","msg":"SSH connection over ws successful"}
{"level":"debug","time":"2023-02-02T20:03:08.733+0530","caller":"runtime/asm_amd64.s:1594","msg":"SSH connection over port 22 successful"}
{"level":"info","time":"2023-02-02T20:03:08.733+0530","caller":"core/lifecycle.go:115","msg":"Using ssh(over_22) :: connection mode"}
{"level":"info","time":"2023-02-02T20:03:08.733+0530","caller":"cmd/lt.go:211","msg":"Launching tunnel"}
{"level":"debug","time":"2023-02-02T20:03:08.733+0530","caller":"core/lifecycle.go:233","msg":"Starting control ws connection at wss://ts.lambdatest.com/monitor"}
{"level":"debug","time":"2023-02-02T20:03:09.726+0530","caller":"core/lifecycle.go:233","msg":"Control ws channel opened"}
{"level":"debug","time":"2023-02-02T20:03:09.726+0530","caller":"runtime/asm_amd64.s:1594","msg":"Starting message listener on control connection"}
{"level":"debug","time":"2023-02-02T20:03:10.853+0530","caller":"runtime/asm_amd64.s:1594","msg":"Tunnel registered message received on control channel"}
{"level":"debug","time":"2023-02-02T20:03:10.853+0530","caller":"runtime/asm_amd64.s:1594","msg":"controller bus registered"}
{"level":"debug","time":"2023-02-02T20:03:10.853+0530","caller":"runtime/asm_amd64.s:1594","msg":"Sending tunnel registered message to channels"}
{"level":"debug","time":"2023-02-02T20:03:10.853+0530","caller":"core/lifecycle.go:283","msg":"Using 5 ssh connection"}
{"level":"debug","time":"2023-02-02T20:03:11.979+0530","caller":"runtime/asm_amd64.s:1594","msg":"Successfully started sshd listener on port: 8792"}
{"level":"debug","time":"2023-02-02T20:03:11.979+0530","caller":"runtime/asm_amd64.s:1594","msg":"Successfully started sshd listener on port: 11069"}
{"level":"info","time":"2023-02-02T20:03:11.979+0530","caller":"runtime/asm_amd64.s:1594","msg":"You can start testing now"}
{"level":"info","time":"2023-02-02T20:03:11.979+0530","caller":"runtime/asm_amd64.s:1594","msg":"Tunnel ID: 3073499"}
{"level":"debug","time":"2023-02-02T20:03:11.979+0530","caller":"runtime/asm_amd64.s:1594","msg":"Remote Listener Started on Port 15078"}
{"level":"debug","time":"2023-02-02T20:03:11.979+0530","caller":"runtime/asm_amd64.s:1594","msg":"Successfully started sshd listener on port: 9977"}
{"level":"error","time":"2023-02-02T20:03:12.056+0530","caller":"runtime/asm_amd64.s:1594","msg":"ERR::API::WEB::HOK : Unable to call webhook url :  \nPost \"http://127.0.0.1:53343\": EOF "}
{"level":"debug","time":"2023-02-02T20:03:12.061+0530","caller":"runtime/asm_amd64.s:1594","msg":"Successfully started sshd listener on port: 17822"}
{"level":"debug","time":"2023-02-02T20:03:12.063+0530","caller":"runtime/asm_amd64.s:1594","msg":"Successfully started sshd listener on port: 20729"}
{"level":"info","time":"2023-02-02T20:05:27.890+0530","caller":"runtime/asm_amd64.s:1594","msg":"Tunnel closure requested from server. Exiting"}
{"level":"info","time":"2023-02-02T21:15:17.156+0530","caller":"cobra@v1.1.1/command.go:854","msg":"LambdaTest Tunnel version: 3.1.25"}
{"level":"debug","time":"2023-02-02T21:15:17.156+0530","caller":"cmd/lt.go:211","msg":"Starting pipeline....."}
{"level":"debug","time":"2023-02-02T21:15:17.156+0530","caller":"cmd/lt.go:211","msg":"OS: windows, Arch: amd64"}
{"level":"debug","time":"2023-02-02T21:15:17.156+0530","caller":"cmd/lt.go:211","msg":"Fetching config"}
{"level":"debug","time":"2023-02-02T21:15:17.156+0530","caller":"runtime/asm_amd64.s:1594","msg":"Starting tunnel With flags: --user deepanshulambdatest --key ***** --infoAPIPort 61567 --callbackURL http://127.0.0.1:61568 --tunnelName Serenity"}
{"level":"debug","time":"2023-02-02T21:15:17.625+0530","caller":"cmd/lt.go:211","msg":"Remote config fetched"}
{"level":"debug","time":"2023-02-02T21:15:17.695+0530","caller":"runtime/asm_amd64.s:1594","msg":"Starting the callback agent"}
{"level":"debug","time":"2023-02-02T21:15:17.695+0530","caller":"core/lifecycle.go:152","msg":"Starting API server"}
{"level":"debug","time":"2023-02-02T21:15:17.695+0530","caller":"runtime/asm_amd64.s:1594","msg":"Trying on port 22"}
{"level":"debug","time":"2023-02-02T21:15:17.695+0530","caller":"apiserver/setup.go:173","msg":"Starting API server for tunnel info on port: 61567"}
{"level":"debug","time":"2023-02-02T21:15:17.695+0530","caller":"core/lifecycle.go:138","msg":"Starting sink proxy"}
{"level":"debug","time":"2023-02-02T21:15:17.695+0530","caller":"runtime/asm_amd64.s:1594","msg":"Trying on port 443"}
{"level":"debug","time":"2023-02-02T21:15:17.695+0530","caller":"runtime/asm_amd64.s:1594","msg":"Trying over ssh over ws"}
{"level":"info","time":"2023-02-02T21:15:17.756+0530","caller":"custom/setup.go:749","msg":"Tunnel binary started on port :9090"}
{"level":"debug","time":"2023-02-02T21:15:17.782+0530","caller":"runtime/asm_amd64.s:1594","msg":"WSS connection was successful"}
{"level":"debug","time":"2023-02-02T21:15:18.438+0530","caller":"runtime/asm_amd64.s:1594","msg":"SSH connection over ws successful"}
{"level":"debug","time":"2023-02-02T21:15:18.462+0530","caller":"runtime/asm_amd64.s:1594","msg":"SSH connection over port 443 successful"}
{"level":"debug","time":"2023-02-02T21:15:18.487+0530","caller":"runtime/asm_amd64.s:1594","msg":"SSH connection over port 22 successful"}
{"level":"info","time":"2023-02-02T21:15:18.487+0530","caller":"core/lifecycle.go:115","msg":"Using ssh(over_22) :: connection mode"}
{"level":"info","time":"2023-02-02T21:15:18.487+0530","caller":"cmd/lt.go:211","msg":"Launching tunnel"}
{"level":"debug","time":"2023-02-02T21:15:18.487+0530","caller":"core/lifecycle.go:233","msg":"Starting control ws connection at wss://ts.lambdatest.com/monitor"}
{"level":"debug","time":"2023-02-02T21:15:19.261+0530","caller":"core/lifecycle.go:233","msg":"Control ws channel opened"}
{"level":"debug","time":"2023-02-02T21:15:19.270+0530","caller":"runtime/asm_amd64.s:1594","msg":"Starting message listener on control connection"}
{"level":"debug","time":"2023-02-02T21:15:20.850+0530","caller":"runtime/asm_amd64.s:1594","msg":"Sending tunnel registered message to channels"}
{"level":"debug","time":"2023-02-02T21:15:20.850+0530","caller":"runtime/asm_amd64.s:1594","msg":"Tunnel registered message received on control channel"}
{"level":"debug","time":"2023-02-02T21:15:20.850+0530","caller":"core/lifecycle.go:283","msg":"Using 5 ssh connection"}
{"level":"debug","time":"2023-02-02T21:15:20.850+0530","caller":"runtime/asm_amd64.s:1594","msg":"controller bus registered"}
{"level":"debug","time":"2023-02-02T21:15:21.563+0530","caller":"runtime/asm_amd64.s:1594","msg":"Successfully started sshd listener on port: 20334"}
{"level":"info","time":"2023-02-02T21:15:21.564+0530","caller":"runtime/asm_amd64.s:1594","msg":"You can start testing now"}
{"level":"debug","time":"2023-02-02T21:15:21.564+0530","caller":"runtime/asm_amd64.s:1594","msg":"Successfully started sshd listener on port: 15744"}
{"level":"info","time":"2023-02-02T21:15:21.564+0530","caller":"runtime/asm_amd64.s:1594","msg":"Tunnel ID: 3074023"}
{"level":"debug","time":"2023-02-02T21:15:21.564+0530","caller":"runtime/asm_amd64.s:1594","msg":"Remote Listener Started on Port 26958"}
{"level":"debug","time":"2023-02-02T21:15:21.580+0530","caller":"runtime/asm_amd64.s:1594","msg":"Successfully started sshd listener on port: 14500"}
{"level":"debug","time":"2023-02-02T21:15:21.721+0530","caller":"runtime/asm_amd64.s:1594","msg":"Successfully started sshd listener on port: 18482"}
{"level":"debug","time":"2023-02-02T21:15:21.737+0530","caller":"runtime/asm_amd64.s:1594","msg":"Successfully started sshd listener on port: 23350"}
{"level":"error","time":"2023-02-02T21:15:21.880+0530","caller":"runtime/asm_amd64.s:1594","msg":"ERR::API::WEB::HOK : Unable to call webhook url :  \nPost \"http://127.0.0.1:61568\": EOF "}
{"level":"info","time":"2023-02-02T21:21:44.004+0530","caller":"runtime/asm_amd64.s:1594","msg":"Tunnel closure requested from server. Exiting"}
{"level":"info","time":"2023-02-02T21:25:29.436+0530","caller":"cobra@v1.1.1/command.go:854","msg":"LambdaTest Tunnel version: 3.1.25"}
{"level":"debug","time":"2023-02-02T21:25:29.437+0530","caller":"cmd/lt.go:211","msg":"Starting pipeline....."}
{"level":"debug","time":"2023-02-02T21:25:29.438+0530","caller":"cmd/lt.go:211","msg":"OS: windows, Arch: amd64"}
{"level":"debug","time":"2023-02-02T21:25:29.438+0530","caller":"cmd/lt.go:211","msg":"Fetching config"}
{"level":"warn","time":"2023-02-02T21:25:29.438+0530","caller":"core/lifecycle.go:47","msg":"Tunnel Name was not specified, using: 42c6dd71-9e17-4154-a420-f30647e428f0"}
{"level":"debug","time":"2023-02-02T21:25:29.438+0530","caller":"runtime/asm_amd64.s:1594","msg":"Starting tunnel With flags: --user deepanshu@lambdatest.com --key *****"}
{"level":"debug","time":"2023-02-02T21:25:29.918+0530","caller":"cmd/lt.go:211","msg":"Remote config fetched"}
{"level":"debug","time":"2023-02-02T21:25:30.040+0530","caller":"core/lifecycle.go:138","msg":"Starting sink proxy"}
{"level":"debug","time":"2023-02-02T21:25:30.040+0530","caller":"runtime/asm_amd64.s:1594","msg":"Trying on port 22"}
{"level":"debug","time":"2023-02-02T21:25:30.040+0530","caller":"runtime/asm_amd64.s:1594","msg":"Trying on port 443"}
{"level":"debug","time":"2023-02-02T21:25:30.040+0530","caller":"runtime/asm_amd64.s:1594","msg":"Trying over ssh over ws"}
{"level":"info","time":"2023-02-02T21:25:30.098+0530","caller":"custom/setup.go:749","msg":"Tunnel binary started on port :9090"}
{"level":"debug","time":"2023-02-02T21:25:30.133+0530","caller":"runtime/asm_amd64.s:1594","msg":"WSS connection was successful"}
{"level":"debug","time":"2023-02-02T21:25:30.753+0530","caller":"runtime/asm_amd64.s:1594","msg":"SSH connection over ws successful"}
{"level":"debug","time":"2023-02-02T21:25:30.782+0530","caller":"runtime/asm_amd64.s:1594","msg":"SSH connection over port 443 successful"}
{"level":"debug","time":"2023-02-02T21:25:30.817+0530","caller":"runtime/asm_amd64.s:1594","msg":"SSH connection over port 22 successful"}
{"level":"info","time":"2023-02-02T21:25:30.817+0530","caller":"core/lifecycle.go:115","msg":"Using ssh(over_22) :: connection mode"}
{"level":"info","time":"2023-02-02T21:25:30.817+0530","caller":"cmd/lt.go:211","msg":"Launching tunnel"}
{"level":"debug","time":"2023-02-02T21:25:30.817+0530","caller":"core/lifecycle.go:233","msg":"Starting control ws connection at wss://ts.lambdatest.com/monitor"}
{"level":"debug","time":"2023-02-02T21:25:31.656+0530","caller":"core/lifecycle.go:233","msg":"Control ws channel opened"}
{"level":"debug","time":"2023-02-02T21:25:31.656+0530","caller":"runtime/asm_amd64.s:1594","msg":"Starting message listener on control connection"}
{"level":"debug","time":"2023-02-02T21:25:32.896+0530","caller":"runtime/asm_amd64.s:1594","msg":"Sending tunnel registered message to channels"}
{"level":"debug","time":"2023-02-02T21:25:32.896+0530","caller":"runtime/asm_amd64.s:1594","msg":"Tunnel registered message received on control channel"}
{"level":"debug","time":"2023-02-02T21:25:32.896+0530","caller":"runtime/asm_amd64.s:1594","msg":"controller bus registered"}
{"level":"debug","time":"2023-02-02T21:25:32.896+0530","caller":"core/lifecycle.go:283","msg":"Using 5 ssh connection"}
{"level":"debug","time":"2023-02-02T21:25:34.414+0530","caller":"runtime/asm_amd64.s:1594","msg":"Successfully started sshd listener on port: 19001"}
{"level":"debug","time":"2023-02-02T21:25:34.414+0530","caller":"runtime/asm_amd64.s:1594","msg":"Successfully started sshd listener on port: 31503"}
{"level":"debug","time":"2023-02-02T21:25:34.414+0530","caller":"runtime/asm_amd64.s:1594","msg":"Successfully started sshd listener on port: 24086"}
{"level":"info","time":"2023-02-02T21:25:34.414+0530","caller":"runtime/asm_amd64.s:1594","msg":"You can start testing now"}
{"level":"info","time":"2023-02-02T21:25:34.414+0530","caller":"runtime/asm_amd64.s:1594","msg":"Tunnel ID: 3074082"}
{"level":"debug","time":"2023-02-02T21:25:34.414+0530","caller":"runtime/asm_amd64.s:1594","msg":"Remote Listener Started on Port 12879"}
{"level":"debug","time":"2023-02-02T21:25:34.415+0530","caller":"runtime/asm_amd64.s:1594","msg":"Successfully started sshd listener on port: 24546"}
{"level":"debug","time":"2023-02-02T21:25:34.418+0530","caller":"runtime/asm_amd64.s:1594","msg":"Successfully started sshd listener on port: 29149"}
{"level":"debug","time":"2023-02-02T21:26:07.371+0530","caller":"cobra@v1.1.1/command.go:854","msg":"main: received interrupt signal - attempting graceful shutdown ...."}
{"level":"debug","time":"2023-02-02T21:26:07.371+0530","caller":"cobra@v1.1.1/command.go:854","msg":"main: telling goroutines to stop"}
{"level":"debug","time":"2023-02-02T21:26:07.371+0530","caller":"custom/setup.go:749","msg":"Exiting the sink proxy"}
{"level":"debug","time":"2023-02-02T21:26:07.371+0530","caller":"cmd/lt.go:211","msg":"Context cancelled"}
{"level":"info","time":"2023-02-02T21:26:07.371+0530","caller":"cmd/lt.go:211","msg":"Stopping tunnel"}
{"level":"debug","time":"2023-02-02T21:26:07.376+0530","caller":"runtime/asm_amd64.s:1594","msg":"Unusual close error on control channel..."}
{"level":"debug","time":"2023-02-02T21:26:07.376+0530","caller":"runtime/asm_amd64.s:1594","msg":"Write loop ended for control channel"}
{"level":"debug","time":"2023-02-02T21:26:08.026+0530","caller":"runtime/asm_amd64.s:1594","msg":"Remote connection on remote port: 24086 closed, reason: EOF"}
{"level":"debug","time":"2023-02-02T21:26:08.026+0530","caller":"runtime/asm_amd64.s:1594","msg":"Remote connection on remote port: 29149 closed, reason: EOF"}
{"level":"debug","time":"2023-02-02T21:26:08.026+0530","caller":"runtime/asm_amd64.s:1594","msg":"Remote connection on remote port: 31503 closed, reason: EOF"}
{"level":"debug","time":"2023-02-02T21:26:08.026+0530","caller":"runtime/asm_amd64.s:1594","msg":"closed ssh connection with port 24086"}
{"level":"debug","time":"2023-02-02T21:26:08.026+0530","caller":"runtime/asm_amd64.s:1594","msg":"Remote connection on remote port: 24546 closed, reason: EOF"}
{"level":"debug","time":"2023-02-02T21:26:08.026+0530","caller":"runtime/asm_amd64.s:1594","msg":"closed ssh connection with port 24546"}
{"level":"debug","time":"2023-02-02T21:26:08.026+0530","caller":"runtime/asm_amd64.s:1594","msg":"closed ssh connection with port 29149"}
{"level":"debug","time":"2023-02-02T21:26:08.026+0530","caller":"runtime/asm_amd64.s:1594","msg":"closed ssh connection with port 31503"}
{"level":"debug","time":"2023-02-02T21:26:08.026+0530","caller":"runtime/asm_amd64.s:1594","msg":"Remote connection on remote port: 19001 closed, reason: EOF"}
{"level":"debug","time":"2023-02-02T21:26:08.027+0530","caller":"runtime/asm_amd64.s:1594","msg":"closed ssh connection with port 19001"}
{"level":"info","time":"2023-02-02T21:26:08.207+0530","caller":"cmd/lt.go:211","msg":"Tunnel stopped successfully"}
{"level":"debug","time":"2023-02-02T21:26:08.214+0530","caller":"cmd/lt.go:211","msg":"Quit requested from main goroutine...."}
{"level":"debug","time":"2023-02-02T21:26:08.214+0530","caller":"cmd/lt.go:211","msg":"Waiting for the goroutines to exit"}
{"level":"debug","time":"2023-02-02T21:26:08.214+0530","caller":"cmd/lt.go:211","msg":"All goroutines exited"}
{"level":"debug","time":"2023-02-02T21:26:08.214+0530","caller":"runtime/asm_amd64.s:1594","msg":"main: all goroutines have finished."}
{"level":"debug","time":"2023-02-02T21:26:08.214+0530","caller":"cobra@v1.1.1/command.go:854","msg":"Go routines exited within timeout"}
{"level":"info","time":"2023-02-02T21:27:50.850+0530","caller":"cobra@v1.1.1/command.go:854","msg":"LambdaTest Tunnel version: 3.1.25"}
{"level":"debug","time":"2023-02-02T21:27:50.850+0530","caller":"cmd/lt.go:211","msg":"Starting pipeline....."}
{"level":"debug","time":"2023-02-02T21:27:50.850+0530","caller":"cmd/lt.go:211","msg":"OS: windows, Arch: amd64"}
{"level":"debug","time":"2023-02-02T21:27:50.850+0530","caller":"cmd/lt.go:211","msg":"Fetching config"}
{"level":"warn","time":"2023-02-02T21:27:50.850+0530","caller":"core/lifecycle.go:47","msg":"Tunnel Name was not specified, using: 5e035151-882c-4780-bc4c-a7d0c073f193"}
{"level":"debug","time":"2023-02-02T21:27:50.850+0530","caller":"runtime/asm_amd64.s:1594","msg":"Starting tunnel With flags: --user deepanshu@lambdatest.com --key *****"}
{"level":"debug","time":"2023-02-02T21:27:51.318+0530","caller":"cmd/lt.go:211","msg":"Remote config fetched"}
{"level":"debug","time":"2023-02-02T21:27:51.428+0530","caller":"runtime/asm_amd64.s:1594","msg":"Trying on port 22"}
{"level":"debug","time":"2023-02-02T21:27:51.428+0530","caller":"core/lifecycle.go:138","msg":"Starting sink proxy"}
{"level":"debug","time":"2023-02-02T21:27:51.428+0530","caller":"runtime/asm_amd64.s:1594","msg":"Trying over ssh over ws"}
{"level":"debug","time":"2023-02-02T21:27:51.428+0530","caller":"runtime/asm_amd64.s:1594","msg":"Trying on port 443"}
{"level":"info","time":"2023-02-02T21:27:51.486+0530","caller":"custom/setup.go:749","msg":"Tunnel binary started on port :9090"}
{"level":"debug","time":"2023-02-02T21:27:51.504+0530","caller":"runtime/asm_amd64.s:1594","msg":"WSS connection was successful"}
{"level":"debug","time":"2023-02-02T21:27:52.139+0530","caller":"runtime/asm_amd64.s:1594","msg":"SSH connection over ws successful"}
{"level":"debug","time":"2023-02-02T21:27:52.146+0530","caller":"runtime/asm_amd64.s:1594","msg":"SSH connection over port 443 successful"}
{"level":"debug","time":"2023-02-02T21:27:52.176+0530","caller":"runtime/asm_amd64.s:1594","msg":"SSH connection over port 22 successful"}
{"level":"info","time":"2023-02-02T21:27:52.176+0530","caller":"core/lifecycle.go:115","msg":"Using ssh(over_22) :: connection mode"}
{"level":"info","time":"2023-02-02T21:27:52.176+0530","caller":"cmd/lt.go:211","msg":"Launching tunnel"}
{"level":"debug","time":"2023-02-02T21:27:52.176+0530","caller":"core/lifecycle.go:233","msg":"Starting control ws connection at wss://ts.lambdatest.com/monitor"}
{"level":"debug","time":"2023-02-02T21:27:52.539+0530","caller":"core/lifecycle.go:233","msg":"Control ws channel opened"}
{"level":"debug","time":"2023-02-02T21:27:52.539+0530","caller":"runtime/asm_amd64.s:1594","msg":"Starting message listener on control connection"}
{"level":"debug","time":"2023-02-02T21:27:54.060+0530","caller":"runtime/asm_amd64.s:1594","msg":"Sending tunnel registered message to channels"}
{"level":"debug","time":"2023-02-02T21:27:54.060+0530","caller":"core/lifecycle.go:283","msg":"Using 5 ssh connection"}
{"level":"debug","time":"2023-02-02T21:27:54.060+0530","caller":"runtime/asm_amd64.s:1594","msg":"Tunnel registered message received on control channel"}
{"level":"debug","time":"2023-02-02T21:27:54.060+0530","caller":"runtime/asm_amd64.s:1594","msg":"controller bus registered"}
{"level":"debug","time":"2023-02-02T21:27:54.762+0530","caller":"runtime/asm_amd64.s:1594","msg":"Successfully started sshd listener on port: 23593"}
{"level":"debug","time":"2023-02-02T21:27:54.764+0530","caller":"runtime/asm_amd64.s:1594","msg":"Successfully started sshd listener on port: 30109"}
{"level":"info","time":"2023-02-02T21:27:54.764+0530","caller":"runtime/asm_amd64.s:1594","msg":"You can start testing now"}
{"level":"info","time":"2023-02-02T21:27:54.764+0530","caller":"runtime/asm_amd64.s:1594","msg":"Tunnel ID: 3074096"}
{"level":"debug","time":"2023-02-02T21:27:54.764+0530","caller":"runtime/asm_amd64.s:1594","msg":"Remote Listener Started on Port 8867"}
{"level":"debug","time":"2023-02-02T21:27:54.780+0530","caller":"runtime/asm_amd64.s:1594","msg":"Successfully started sshd listener on port: 29760"}
{"level":"debug","time":"2023-02-02T21:27:54.901+0530","caller":"runtime/asm_amd64.s:1594","msg":"Successfully started sshd listener on port: 29506"}
{"level":"debug","time":"2023-02-02T21:27:54.918+0530","caller":"runtime/asm_amd64.s:1594","msg":"Successfully started sshd listener on port: 5459"}
{"level":"debug","time":"2023-02-02T21:28:05.242+0530","caller":"runtime/asm_amd64.s:1594","msg":"handling connect request for URL https://accounts.google.com:443"}
{"level":"debug","time":"2023-02-02T21:28:08.708+0530","caller":"runtime/asm_amd64.s:1594","msg":"handling connect request for URL https://accounts.google.com:443"}
{"level":"debug","time":"2023-02-02T21:28:10.785+0530","caller":"runtime/asm_amd64.s:1594","msg":"handling connect request for URL https://www.google.com:443"}
{"level":"debug","time":"2023-02-02T21:28:10.790+0530","caller":"runtime/asm_amd64.s:1594","msg":"handling connect request for URL https://www.google.com:443"}
{"level":"debug","time":"2023-02-02T21:28:11.404+0530","caller":"runtime/asm_amd64.s:1594","msg":"handling connect request for URL https://www.google.com:443"}
{"level":"debug","time":"2023-02-02T21:28:11.405+0530","caller":"runtime/asm_amd64.s:1594","msg":"handling connect request for URL https://www.google.com:443"}
{"level":"debug","time":"2023-02-02T21:28:11.997+0530","caller":"runtime/asm_amd64.s:1594","msg":"handling connect request for URL https://www.gstatic.com:443"}
{"level":"debug","time":"2023-02-02T21:28:12.007+0530","caller":"runtime/asm_amd64.s:1594","msg":"handling connect request for URL https://www.gstatic.com:443"}
{"level":"debug","time":"2023-02-02T21:28:12.576+0530","caller":"runtime/asm_amd64.s:1594","msg":"handling connect request for URL https://content-autofill.googleapis.com:443"}
{"level":"debug","time":"2023-02-02T21:28:12.630+0530","caller":"runtime/asm_amd64.s:1594","msg":"handling connect request for URL https://www.gstatic.com:443"}
{"level":"debug","time":"2023-02-02T21:28:12.635+0530","caller":"runtime/asm_amd64.s:1594","msg":"handling connect request for URL https://www.gstatic.com:443"}
{"level":"debug","time":"2023-02-02T21:28:13.211+0530","caller":"runtime/asm_amd64.s:1594","msg":"handling connect request for URL https://content-autofill.googleapis.com:443"}
{"level":"debug","time":"2023-02-02T21:28:13.255+0530","caller":"runtime/asm_amd64.s:1594","msg":"handling connect request for URL https://apis.google.com:443"}
{"level":"debug","time":"2023-02-02T21:28:13.280+0530","caller":"runtime/asm_amd64.s:1594","msg":"handling connect request for URL https://ogs.google.com:443"}
{"level":"debug","time":"2023-02-02T21:28:13.752+0530","caller":"runtime/asm_amd64.s:1594","msg":"handling connect request for URL https://apis.google.com:443"}
{"level":"debug","time":"2023-02-02T21:28:13.773+0530","caller":"runtime/asm_amd64.s:1594","msg":"handling connect request for URL https://ogs.google.com:443"}
{"level":"debug","time":"2023-02-02T21:28:14.265+0530","caller":"runtime/asm_amd64.s:1594","msg":"handling connect request for URL https://play.google.com:443"}
{"level":"debug","time":"2023-02-02T21:28:14.310+0530","caller":"runtime/asm_amd64.s:1594","msg":"handling connect request for URL https://fonts.gstatic.com:443"}
{"level":"debug","time":"2023-02-02T21:28:14.313+0530","caller":"runtime/asm_amd64.s:1594","msg":"handling connect request for URL https://ssl.gstatic.com:443"}
{"level":"debug","time":"2023-02-02T21:28:14.318+0530","caller":"runtime/asm_amd64.s:1594","msg":"handling connect request for URL https://fonts.gstatic.com:443"}
{"level":"debug","time":"2023-02-02T21:28:14.693+0530","caller":"runtime/asm_amd64.s:1594","msg":"handling connect request for URL https://ssl.gstatic.com:443"}
{"level":"debug","time":"2023-02-02T21:28:14.723+0530","caller":"runtime/asm_amd64.s:1594","msg":"handling connect request for URL https://fonts.gstatic.com:443"}
{"level":"debug","time":"2023-02-02T21:28:14.782+0530","caller":"runtime/asm_amd64.s:1594","msg":"handling connect request for URL https://fonts.gstatic.com:443"}
{"level":"debug","time":"2023-02-02T21:28:14.791+0530","caller":"runtime/asm_amd64.s:1594","msg":"handling connect request for URL https://play.google.com:443"}
{"level":"debug","time":"2023-02-02T21:28:15.227+0530","caller":"runtime/asm_amd64.s:1594","msg":"handling connect request for URL https://play.google.com:443"}
{"level":"debug","time":"2023-02-02T21:28:15.401+0530","caller":"runtime/asm_amd64.s:1594","msg":"handling connect request for URL https://adservice.google.com:443"}
{"level":"debug","time":"2023-02-02T21:28:15.574+0530","caller":"runtime/asm_amd64.s:1594","msg":"handling connect request for URL https://play.google.com:443"}
{"level":"debug","time":"2023-02-02T21:28:15.756+0530","caller":"runtime/asm_amd64.s:1594","msg":"handling connect request for URL https://adservice.google.com:443"}
{"level":"debug","time":"2023-02-02T21:28:18.818+0530","caller":"runtime/asm_amd64.s:1594","msg":"handling connect request for URL https://optimizationguide-pa.googleapis.com:443"}
{"level":"debug","time":"2023-02-02T21:28:19.721+0530","caller":"runtime/asm_amd64.s:1594","msg":"handling connect request for URL https://optimizationguide-pa.googleapis.com:443"}
{"level":"debug","time":"2023-02-02T21:28:20.021+0530","caller":"runtime/asm_amd64.s:1594","msg":"handling connect request for URL https://optimizationguide-pa.googleapis.com:443"}
{"level":"debug","time":"2023-02-02T21:28:27.429+0530","caller":"runtime/asm_amd64.s:1594","msg":"handling connect request for URL https://optimizationguide-pa.googleapis.com:443"}
{"level":"debug","time":"2023-02-02T21:28:28.419+0530","caller":"runtime/asm_amd64.s:1594","msg":"handling connect request for URL https://optimizationguide-pa.googleapis.com:443"}
{"level":"debug","time":"2023-02-02T21:28:28.719+0530","caller":"runtime/asm_amd64.s:1594","msg":"handling connect request for URL https://optimizationguide-pa.googleapis.com:443"}
{"level":"debug","time":"2023-02-02T22:08:32.137+0530","caller":"runtime/asm_amd64.s:1594","msg":"Unusual close error on control channel..."}
{"level":"debug","time":"2023-02-02T22:08:32.156+0530","caller":"runtime/asm_amd64.s:1594","msg":"Write loop ended for control channel"}
{"level":"error","time":"2023-02-02T22:08:32.156+0530","caller":"core/lifecycle.go:233","msg":"Control connection break error"}
{"level":"warn","time":"2023-02-02T22:08:32.194+0530","caller":"core/lifecycle.go:233","msg":"Retrying"}
{"level":"error","time":"2023-02-02T22:08:32.195+0530","caller":"core/lifecycle.go:233","msg":"ERR::WS::CTRL::CONN::DWN : Control websocket connection closed read tcp 192.168.100.177:49588->13.126.37.58:443: i/o timeout "}
{"level":"error","time":"2023-02-02T22:08:32.250+0530","caller":"core/lifecycle.go:233","msg":"ERR::WS::Conn : Unable to establish control websocket connection dial tcp: lookup ts.lambdatest.com: no such host "}
{"level":"warn","time":"2023-02-02T22:08:32.252+0530","caller":"core/lifecycle.go:233","msg":"Retrying"}
{"level":"debug","time":"2023-02-02T22:08:34.240+0530","caller":"core/lifecycle.go:233","msg":"Control ws channel opened"}
{"level":"debug","time":"2023-02-02T22:08:34.241+0530","caller":"runtime/asm_amd64.s:1594","msg":"Starting message listener on control connection"}
{"level":"debug","time":"2023-02-02T22:08:34.282+0530","caller":"runtime/asm_amd64.s:1594","msg":"Unusual close error on control channel..."}
{"level":"error","time":"2023-02-02T22:08:34.282+0530","caller":"core/lifecycle.go:233","msg":"Control connection break error"}
{"level":"warn","time":"2023-02-02T22:08:34.282+0530","caller":"core/lifecycle.go:233","msg":"Retrying"}
{"level":"debug","time":"2023-02-02T22:08:34.282+0530","caller":"runtime/asm_amd64.s:1594","msg":"Write loop ended for control channel"}
{"level":"error","time":"2023-02-02T22:08:34.282+0530","caller":"core/lifecycle.go:233","msg":"ERR::WS::CTRL::CONN::DWN : Control websocket connection closed websocket: close 1006 (abnormal closure): unexpected EOF "}
{"level":"debug","time":"2023-02-02T22:08:36.405+0530","caller":"core/lifecycle.go:233","msg":"Control ws channel opened"}
{"level":"debug","time":"2023-02-02T22:08:36.405+0530","caller":"runtime/asm_amd64.s:1594","msg":"Starting message listener on control connection"}
{"level":"debug","time":"2023-02-02T22:08:36.450+0530","caller":"runtime/asm_amd64.s:1594","msg":"Unusual close error on control channel..."}
{"level":"debug","time":"2023-02-02T22:08:36.451+0530","caller":"runtime/asm_amd64.s:1594","msg":"Write loop ended for control channel"}
{"level":"error","time":"2023-02-02T22:08:36.451+0530","caller":"core/lifecycle.go:233","msg":"Control connection break error"}
{"level":"warn","time":"2023-02-02T22:08:36.451+0530","caller":"core/lifecycle.go:233","msg":"Retrying"}
{"level":"error","time":"2023-02-02T22:08:36.451+0530","caller":"core/lifecycle.go:233","msg":"ERR::WS::CTRL::CONN::DWN : Control websocket connection closed websocket: close 1006 (abnormal closure): unexpected EOF "}
{"level":"error","time":"2023-02-02T22:24:42.054+0530","caller":"core/lifecycle.go:233","msg":"ERR::WS::Conn : Unable to establish control websocket connection dial tcp 13.126.37.58:443: i/o timeout "}
{"level":"warn","time":"2023-02-02T22:24:42.055+0530","caller":"core/lifecycle.go:233","msg":"Retrying"}
{"level":"debug","time":"2023-02-02T22:24:50.374+0530","caller":"core/lifecycle.go:233","msg":"Control ws channel opened"}
{"level":"debug","time":"2023-02-02T22:24:50.374+0530","caller":"runtime/asm_amd64.s:1594","msg":"Starting message listener on control connection"}
{"level":"debug","time":"2023-02-02T22:24:50.400+0530","caller":"runtime/asm_amd64.s:1594","msg":"Unusual close error on control channel..."}
{"level":"debug","time":"2023-02-02T22:24:50.401+0530","caller":"runtime/asm_amd64.s:1594","msg":"Write loop ended for control channel"}
{"level":"error","time":"2023-02-02T22:24:50.401+0530","caller":"core/lifecycle.go:233","msg":"Control connection break error"}
{"level":"warn","time":"2023-02-02T22:24:50.401+0530","caller":"core/lifecycle.go:233","msg":"Retrying"}
{"level":"error","time":"2023-02-02T22:24:50.401+0530","caller":"core/lifecycle.go:233","msg":"ERR::WS::CTRL::CONN::DWN : Control websocket connection closed websocket: close 1006 (abnormal closure): unexpected EOF "}
{"level":"error","time":"2023-02-02T22:24:50.402+0530","caller":"cmd/lt.go:211","msg":"Err occurred: ERR::CTRL::CONN::MAX::ATTEMPT : Control websocket reconnection max attempt reached "}
{"level":"error","time":"2023-02-02T22:24:50.402+0530","caller":"cmd/lt.go:211","msg":"Aborting"}
{"level":"info","time":"2023-02-02T22:24:50.883+0530","caller":"cmd/lt.go:211","msg":"Tunnel stopped successfully"}
{"level":"debug","time":"2023-02-02T22:24:50.884+0530","caller":"custom/setup.go:749","msg":"Exiting the sink proxy"}
{"level":"error","time":"2023-02-02T22:24:50.884+0530","caller":"runtime/asm_amd64.s:1594","msg":"Aborting"}
{"level":"info","time":"2023-02-03T11:36:29.331+0530","caller":"cobra@v1.1.1/command.go:854","msg":"LambdaTest Tunnel version: 3.1.25"}
{"level":"debug","time":"2023-02-03T11:36:29.337+0530","caller":"cmd/lt.go:211","msg":"Starting pipeline....."}
{"level":"debug","time":"2023-02-03T11:36:29.337+0530","caller":"cmd/lt.go:211","msg":"OS: windows, Arch: amd64"}
{"level":"debug","time":"2023-02-03T11:36:29.337+0530","caller":"cmd/lt.go:211","msg":"Fetching config"}
{"level":"warn","time":"2023-02-03T11:36:29.337+0530","caller":"core/lifecycle.go:47","msg":"Tunnel Name was not specified, using: 452e2a12-1078-4ac1-9115-4c10069fa56d"}
{"level":"debug","time":"2023-02-03T11:36:29.337+0530","caller":"runtime/asm_amd64.s:1594","msg":"Starting tunnel With flags: --user LT_EMAIL --key *****"}
{"level":"debug","time":"2023-02-03T11:36:30.913+0530","caller":"cmd/lt.go:211","msg":"Remote config fetched"}
{"level":"debug","time":"2023-02-03T11:36:31.063+0530","caller":"core/lifecycle.go:138","msg":"Starting sink proxy"}
{"level":"debug","time":"2023-02-03T11:36:31.063+0530","caller":"runtime/asm_amd64.s:1594","msg":"Trying on port 22"}
{"level":"debug","time":"2023-02-03T11:36:31.063+0530","caller":"runtime/asm_amd64.s:1594","msg":"Trying over ssh over ws"}
{"level":"debug","time":"2023-02-03T11:36:31.063+0530","caller":"runtime/asm_amd64.s:1594","msg":"Trying on port 443"}
{"level":"info","time":"2023-02-03T11:36:31.122+0530","caller":"custom/setup.go:749","msg":"Tunnel binary started on port :9090"}
{"level":"debug","time":"2023-02-03T11:36:32.253+0530","caller":"runtime/asm_amd64.s:1594","msg":"WSS connection was successful"}
{"level":"debug","time":"2023-02-03T11:36:33.116+0530","caller":"runtime/asm_amd64.s:1594","msg":"SSH connection over ws successful"}
{"level":"debug","time":"2023-02-03T11:36:33.162+0530","caller":"runtime/asm_amd64.s:1594","msg":"SSH connection over port 22 successful"}
{"level":"debug","time":"2023-02-03T11:36:34.915+0530","caller":"runtime/asm_amd64.s:1594","msg":"SSH connection over port 443 successful"}
{"level":"info","time":"2023-02-03T11:36:34.915+0530","caller":"core/lifecycle.go:115","msg":"Using ssh(over_22) :: connection mode"}
{"level":"debug","time":"2023-02-03T11:36:34.917+0530","caller":"core/lifecycle.go:233","msg":"Starting control ws connection at wss://ts.lambdatest.com/monitor"}
{"level":"info","time":"2023-02-03T11:36:34.917+0530","caller":"cmd/lt.go:211","msg":"Launching tunnel"}
{"level":"error","time":"2023-02-03T11:36:37.927+0530","caller":"cmd/lt.go:211","msg":"There was an error while starting tunnel: ERR::LUNCH::TUNN : Launch tunnel failed Request failed(401): {\"message\":\"Unable to authenticate user, please try again\"} "}
{"level":"error","time":"2023-02-03T11:36:37.929+0530","caller":"cmd/lt.go:211","msg":"Invalid Credentials, Please try again!"}
{"level":"info","time":"2023-02-03T11:43:04.800+0530","caller":"cobra@v1.1.1/command.go:854","msg":"LambdaTest Tunnel version: 3.1.25"}
{"level":"debug","time":"2023-02-03T11:43:04.800+0530","caller":"cmd/lt.go:211","msg":"Starting pipeline....."}
{"level":"debug","time":"2023-02-03T11:43:04.800+0530","caller":"cmd/lt.go:211","msg":"OS: windows, Arch: amd64"}
{"level":"debug","time":"2023-02-03T11:43:04.800+0530","caller":"cmd/lt.go:211","msg":"Fetching config"}
{"level":"warn","time":"2023-02-03T11:43:04.800+0530","caller":"core/lifecycle.go:47","msg":"Tunnel Name was not specified, using: 87dd16b1-7b91-4d63-83f6-682b489095df"}
{"level":"debug","time":"2023-02-03T11:43:04.800+0530","caller":"runtime/asm_amd64.s:1594","msg":"Starting tunnel With flags: --user s.m5@elsevier.com --key *****"}
{"level":"debug","time":"2023-02-03T11:43:05.653+0530","caller":"cmd/lt.go:211","msg":"Remote config fetched"}
{"level":"debug","time":"2023-02-03T11:43:05.805+0530","caller":"core/lifecycle.go:138","msg":"Starting sink proxy"}
{"level":"debug","time":"2023-02-03T11:43:05.805+0530","caller":"runtime/asm_amd64.s:1594","msg":"Trying on port 22"}
{"level":"debug","time":"2023-02-03T11:43:05.805+0530","caller":"runtime/asm_amd64.s:1594","msg":"Trying on port 443"}
{"level":"debug","time":"2023-02-03T11:43:05.805+0530","caller":"runtime/asm_amd64.s:1594","msg":"Trying over ssh over ws"}
{"level":"info","time":"2023-02-03T11:43:05.864+0530","caller":"custom/setup.go:749","msg":"Tunnel binary started on port :9090"}
{"level":"debug","time":"2023-02-03T11:43:06.194+0530","caller":"runtime/asm_amd64.s:1594","msg":"WSS connection was successful"}
{"level":"debug","time":"2023-02-03T11:43:07.204+0530","caller":"runtime/asm_amd64.s:1594","msg":"SSH connection over port 22 successful"}
{"level":"debug","time":"2023-02-03T11:43:07.210+0530","caller":"runtime/asm_amd64.s:1594","msg":"SSH connection over ws successful"}
{"level":"debug","time":"2023-02-03T11:43:08.846+0530","caller":"runtime/asm_amd64.s:1594","msg":"SSH connection over port 443 successful"}
{"level":"info","time":"2023-02-03T11:43:08.847+0530","caller":"core/lifecycle.go:115","msg":"Using ssh(over_22) :: connection mode"}
{"level":"debug","time":"2023-02-03T11:43:08.850+0530","caller":"core/lifecycle.go:233","msg":"Starting control ws connection at wss://ts.lambdatest.com/monitor"}
{"level":"info","time":"2023-02-03T11:43:08.850+0530","caller":"cmd/lt.go:211","msg":"Launching tunnel"}
{"level":"debug","time":"2023-02-03T11:43:09.918+0530","caller":"core/lifecycle.go:233","msg":"Control ws channel opened"}
{"level":"debug","time":"2023-02-03T11:43:09.918+0530","caller":"runtime/asm_amd64.s:1594","msg":"Starting message listener on control connection"}
{"level":"debug","time":"2023-02-03T11:43:11.272+0530","caller":"runtime/asm_amd64.s:1594","msg":"Sending tunnel registered message to channels"}
{"level":"debug","time":"2023-02-03T11:43:11.272+0530","caller":"runtime/asm_amd64.s:1594","msg":"Tunnel registered message received on control channel"}
{"level":"debug","time":"2023-02-03T11:43:11.272+0530","caller":"runtime/asm_amd64.s:1594","msg":"controller bus registered"}
{"level":"debug","time":"2023-02-03T11:43:11.272+0530","caller":"core/lifecycle.go:283","msg":"Using 5 ssh connection"}
{"level":"debug","time":"2023-02-03T11:43:12.760+0530","caller":"runtime/asm_amd64.s:1594","msg":"Successfully started sshd listener on port: 20032"}
{"level":"debug","time":"2023-02-03T11:43:12.761+0530","caller":"runtime/asm_amd64.s:1594","msg":"Successfully started sshd listener on port: 1170"}
{"level":"info","time":"2023-02-03T11:43:12.764+0530","caller":"runtime/asm_amd64.s:1594","msg":"You can start testing now"}
{"level":"debug","time":"2023-02-03T11:43:12.766+0530","caller":"runtime/asm_amd64.s:1594","msg":"Successfully started sshd listener on port: 1938"}
{"level":"info","time":"2023-02-03T11:43:12.766+0530","caller":"runtime/asm_amd64.s:1594","msg":"Tunnel ID: 3077813"}
{"level":"debug","time":"2023-02-03T11:43:12.767+0530","caller":"runtime/asm_amd64.s:1594","msg":"Remote Listener Started on Port 31978"}
{"level":"debug","time":"2023-02-03T11:43:12.784+0530","caller":"runtime/asm_amd64.s:1594","msg":"Successfully started sshd listener on port: 2045"}
{"level":"debug","time":"2023-02-03T11:43:12.784+0530","caller":"runtime/asm_amd64.s:1594","msg":"Successfully started sshd listener on port: 31352"}
{"level":"debug","time":"2023-02-03T11:43:24.001+0530","caller":"runtime/asm_amd64.s:1594","msg":"handling connect request for URL https://accounts.google.com:443"}
{"level":"debug","time":"2023-02-03T11:43:26.679+0530","caller":"runtime/asm_amd64.s:1594","msg":"handling connect request for URL https://accounts.google.com:443"}
{"level":"debug","time":"2023-02-03T11:43:36.331+0530","caller":"runtime/asm_amd64.s:1594","msg":"handling connect request for URL https://www.google.com:443"}
{"level":"debug","time":"2023-02-03T11:43:36.331+0530","caller":"runtime/asm_amd64.s:1594","msg":"handling connect request for URL https://www.google.com:443"}
{"level":"debug","time":"2023-02-03T11:43:36.986+0530","caller":"runtime/asm_amd64.s:1594","msg":"handling connect request for URL https://www.google.com:443"}
{"level":"debug","time":"2023-02-03T11:43:36.990+0530","caller":"runtime/asm_amd64.s:1594","msg":"handling connect request for URL https://www.google.com:443"}
{"level":"debug","time":"2023-02-03T11:43:38.351+0530","caller":"runtime/asm_amd64.s:1594","msg":"handling connect request for URL https://optimizationguide-pa.googleapis.com:443"}
{"level":"debug","time":"2023-02-03T11:43:39.921+0530","caller":"runtime/asm_amd64.s:1594","msg":"handling connect request for URL https://www.gstatic.com:443"}
{"level":"debug","time":"2023-02-03T11:43:41.598+0530","caller":"runtime/asm_amd64.s:1594","msg":"handling connect request for URL https://www.gstatic.com:443"}
{"level":"debug","time":"2023-02-03T11:43:42.627+0530","caller":"runtime/asm_amd64.s:1594","msg":"handling connect request for URL https://optimizationguide-pa.googleapis.com:443"}
{"level":"debug","time":"2023-02-03T11:43:49.607+0530","caller":"runtime/asm_amd64.s:1594","msg":"handling connect request for URL https://www.gstatic.com:443"}
{"level":"debug","time":"2023-02-03T11:43:49.644+0530","caller":"runtime/asm_amd64.s:1594","msg":"handling connect request for URL https://www.gstatic.com:443"}
{"level":"debug","time":"2023-02-03T11:43:52.601+0530","caller":"runtime/asm_amd64.s:1594","msg":"handling connect request for URL https://optimizationguide-pa.googleapis.com:443"}
{"level":"debug","time":"2023-02-03T11:43:58.508+0530","caller":"runtime/asm_amd64.s:1594","msg":"handling connect request for URL https://play.google.com:443"}
{"level":"debug","time":"2023-02-03T11:43:59.230+0530","caller":"runtime/asm_amd64.s:1594","msg":"handling connect request for URL https://ogs.google.com:443"}
{"level":"debug","time":"2023-02-03T11:43:59.828+0530","caller":"runtime/asm_amd64.s:1594","msg":"handling connect request for URL https://optimizationguide-pa.googleapis.com:443"}
{"level":"debug","time":"2023-02-03T11:43:59.837+0530","caller":"runtime/asm_amd64.s:1594","msg":"handling connect request for URL https://content-autofill.googleapis.com:443"}
{"level":"debug","time":"2023-02-03T11:44:00.315+0530","caller":"runtime/asm_amd64.s:1594","msg":"handling connect request for URL https://apis.google.com:443"}
{"level":"debug","time":"2023-02-03T11:44:02.313+0530","caller":"runtime/asm_amd64.s:1594","msg":"handling connect request for URL https://optimizationguide-pa.googleapis.com:443"}
{"level":"debug","time":"2023-02-03T11:44:04.387+0530","caller":"runtime/asm_amd64.s:1594","msg":"handling connect request for URL https://play.google.com:443"}
{"level":"debug","time":"2023-02-03T11:44:05.617+0530","caller":"runtime/asm_amd64.s:1594","msg":"handling connect request for URL https://optimizationguide-pa.googleapis.com:443"}
{"level":"debug","time":"2023-02-03T11:44:06.006+0530","caller":"runtime/asm_amd64.s:1594","msg":"handling connect request for URL https://content-autofill.googleapis.com:443"}
{"level":"debug","time":"2023-02-03T11:44:18.681+0530","caller":"runtime/asm_amd64.s:1594","msg":"handling connect request for URL https://fonts.gstatic.com:443"}
{"level":"debug","time":"2023-02-03T11:44:18.747+0530","caller":"runtime/asm_amd64.s:1594","msg":"handling connect request for URL https://play.google.com:443"}
{"level":"debug","time":"2023-02-03T11:44:23.244+0530","caller":"runtime/asm_amd64.s:1594","msg":"handling connect request for URL https://ogs.google.com:443"}
{"level":"debug","time":"2023-02-03T11:44:24.446+0530","caller":"runtime/asm_amd64.s:1594","msg":"handling connect request for URL https://ssl.gstatic.com:443"}
{"level":"debug","time":"2023-02-03T11:44:24.446+0530","caller":"runtime/asm_amd64.s:1594","msg":"handling connect request for URL https://fonts.gstatic.com:443"}
{"level":"debug","time":"2023-02-03T11:44:25.786+0530","caller":"runtime/asm_amd64.s:1594","msg":"handling connect request for URL https://play.google.com:443"}
{"level":"debug","time":"2023-02-03T11:44:25.861+0530","caller":"runtime/asm_amd64.s:1594","msg":"handling connect request for URL https://www.gstatic.com:443"}
{"level":"debug","time":"2023-02-03T11:44:54.202+0530","caller":"runtime/asm_amd64.s:1594","msg":"handling connect request for URL https://content-autofill.googleapis.com:443"}
{"level":"debug","time":"2023-02-03T11:45:08.149+0530","caller":"runtime/asm_amd64.s:1594","msg":"handling connect request for URL https://content-autofill.googleapis.com:443"}
{"level":"debug","time":"2023-02-03T11:45:10.532+0530","caller":"runtime/asm_amd64.s:1594","msg":"handling connect request for URL https://play.google.com:443"}
{"level":"debug","time":"2023-02-03T11:45:11.666+0530","caller":"runtime/asm_amd64.s:1594","msg":"handling connect request for URL https://content-autofill.googleapis.com:443"}
{"level":"debug","time":"2023-02-03T11:45:11.826+0530","caller":"runtime/asm_amd64.s:1594","msg":"handling connect request for URL https://apis.google.com:443"}
{"level":"debug","time":"2023-02-03T11:45:27.040+0530","caller":"runtime/asm_amd64.s:1594","msg":"handling connect request for URL https://adservice.google.com:443"}
{"level":"debug","time":"2023-02-03T11:45:40.129+0530","caller":"runtime/asm_amd64.s:1594","msg":"handling connect request for URL https://www.google.com:443"}
{"level":"debug","time":"2023-02-03T11:45:40.667+0530","caller":"runtime/asm_amd64.s:1594","msg":"handling connect request for URL https://www.google.com:443"}
{"level":"debug","time":"2023-02-03T11:45:41.763+0530","caller":"runtime/asm_amd64.s:1594","msg":"handling connect request for URL https://adservice.google.com:443"}
{"level":"debug","time":"2023-02-03T11:45:41.793+0530","caller":"runtime/asm_amd64.s:1594","msg":"handling connect request for URL https://www.google.com:443"}
{"level":"debug","time":"2023-02-03T11:45:51.685+0530","caller":"runtime/asm_amd64.s:1594","msg":"handling connect request for URL https://www.google.com:443"}
{"level":"info","time":"2023-02-03T11:50:17.335+0530","caller":"cobra@v1.1.1/command.go:854","msg":"LambdaTest Tunnel version: 3.1.25"}
{"level":"debug","time":"2023-02-03T11:50:17.335+0530","caller":"cmd/lt.go:211","msg":"Starting pipeline....."}
{"level":"debug","time":"2023-02-03T11:50:17.335+0530","caller":"cmd/lt.go:211","msg":"OS: windows, Arch: amd64"}
{"level":"debug","time":"2023-02-03T11:50:17.335+0530","caller":"cmd/lt.go:211","msg":"Fetching config"}
{"level":"warn","time":"2023-02-03T11:50:17.335+0530","caller":"core/lifecycle.go:47","msg":"Tunnel Name was not specified, using: 1dff4452-4688-415f-8e28-3533a2b4a2f7"}
{"level":"debug","time":"2023-02-03T11:50:17.335+0530","caller":"runtime/asm_amd64.s:1594","msg":"Starting tunnel With flags: --user s.m5@elsevier.com --key *****"}
{"level":"debug","time":"2023-02-03T11:50:18.365+0530","caller":"cmd/lt.go:211","msg":"Remote config fetched"}
{"level":"debug","time":"2023-02-03T11:50:18.426+0530","caller":"core/lifecycle.go:138","msg":"Starting sink proxy"}
{"level":"debug","time":"2023-02-03T11:50:18.426+0530","caller":"runtime/asm_amd64.s:1594","msg":"Trying on port 22"}
{"level":"debug","time":"2023-02-03T11:50:18.426+0530","caller":"runtime/asm_amd64.s:1594","msg":"Trying on port 443"}
{"level":"debug","time":"2023-02-03T11:50:18.426+0530","caller":"runtime/asm_amd64.s:1594","msg":"Trying over ssh over ws"}
{"level":"warn","time":"2023-02-03T11:50:18.426+0530","caller":"custom/setup.go:749","msg":"Port 9090 is already in use. Trying on a random free tcp port."}
{"level":"info","time":"2023-02-03T11:50:18.438+0530","caller":"custom/setup.go:749","msg":"Tunnel binary started on port :57608"}
{"level":"debug","time":"2023-02-03T11:50:18.875+0530","caller":"runtime/asm_amd64.s:1594","msg":"WSS connection was successful"}
{"level":"debug","time":"2023-02-03T11:50:19.676+0530","caller":"runtime/asm_amd64.s:1594","msg":"SSH connection over port 22 successful"}
{"level":"debug","time":"2023-02-03T11:50:19.832+0530","caller":"runtime/asm_amd64.s:1594","msg":"SSH connection over ws successful"}
{"level":"debug","time":"2023-02-03T11:50:21.398+0530","caller":"runtime/asm_amd64.s:1594","msg":"SSH connection over port 443 successful"}
{"level":"info","time":"2023-02-03T11:50:21.399+0530","caller":"core/lifecycle.go:115","msg":"Using ssh(over_22) :: connection mode"}
{"level":"debug","time":"2023-02-03T11:50:21.401+0530","caller":"core/lifecycle.go:233","msg":"Starting control ws connection at wss://ts.lambdatest.com/monitor"}
{"level":"info","time":"2023-02-03T11:50:21.401+0530","caller":"cmd/lt.go:211","msg":"Launching tunnel"}
{"level":"debug","time":"2023-02-03T11:50:21.829+0530","caller":"core/lifecycle.go:233","msg":"Control ws channel opened"}
{"level":"debug","time":"2023-02-03T11:50:21.829+0530","caller":"runtime/asm_amd64.s:1594","msg":"Starting message listener on control connection"}
{"level":"debug","time":"2023-02-03T11:50:23.432+0530","caller":"runtime/asm_amd64.s:1594","msg":"Sending tunnel registered message to channels"}
{"level":"debug","time":"2023-02-03T11:50:23.432+0530","caller":"core/lifecycle.go:283","msg":"Using 5 ssh connection"}
{"level":"debug","time":"2023-02-03T11:50:23.432+0530","caller":"runtime/asm_amd64.s:1594","msg":"Tunnel registered message received on control channel"}
{"level":"debug","time":"2023-02-03T11:50:23.432+0530","caller":"runtime/asm_amd64.s:1594","msg":"controller bus registered"}
{"level":"debug","time":"2023-02-03T11:50:24.702+0530","caller":"runtime/asm_amd64.s:1594","msg":"Successfully started sshd listener on port: 4884"}
{"level":"debug","time":"2023-02-03T11:50:24.709+0530","caller":"runtime/asm_amd64.s:1594","msg":"Successfully started sshd listener on port: 4905"}
{"level":"debug","time":"2023-02-03T11:50:24.713+0530","caller":"runtime/asm_amd64.s:1594","msg":"Successfully started sshd listener on port: 30910"}
{"level":"info","time":"2023-02-03T11:50:24.711+0530","caller":"runtime/asm_amd64.s:1594","msg":"You can start testing now"}
{"level":"debug","time":"2023-02-03T11:50:24.713+0530","caller":"runtime/asm_amd64.s:1594","msg":"Successfully started sshd listener on port: 14881"}
{"level":"info","time":"2023-02-03T11:50:24.713+0530","caller":"runtime/asm_amd64.s:1594","msg":"Tunnel ID: 3077834"}
{"level":"debug","time":"2023-02-03T11:50:24.714+0530","caller":"runtime/asm_amd64.s:1594","msg":"Remote Listener Started on Port 21497"}
{"level":"debug","time":"2023-02-03T11:50:24.771+0530","caller":"runtime/asm_amd64.s:1594","msg":"Successfully started sshd listener on port: 24389"}
{"level":"info","time":"2023-02-03T11:51:44.152+0530","caller":"runtime/asm_amd64.s:1594","msg":"Tunnel closure requested from server. Exiting"}
{"level":"info","time":"2023-02-03T11:51:47.449+0530","caller":"runtime/asm_amd64.s:1594","msg":"Tunnel closure requested from server. Exiting"}
{"level":"info","time":"2023-02-03T11:52:28.293+0530","caller":"cobra@v1.1.1/command.go:854","msg":"LambdaTest Tunnel version: 3.1.25"}
{"level":"debug","time":"2023-02-03T11:52:28.295+0530","caller":"cmd/lt.go:211","msg":"Starting pipeline....."}
{"level":"debug","time":"2023-02-03T11:52:28.295+0530","caller":"cmd/lt.go:211","msg":"OS: windows, Arch: amd64"}
{"level":"debug","time":"2023-02-03T11:52:28.295+0530","caller":"cmd/lt.go:211","msg":"Fetching config"}
{"level":"warn","time":"2023-02-03T11:52:28.295+0530","caller":"core/lifecycle.go:47","msg":"Tunnel Name was not specified, using: e08ff931-54a1-4177-82fb-bd4b31dac11f"}
{"level":"debug","time":"2023-02-03T11:52:28.297+0530","caller":"runtime/asm_amd64.s:1594","msg":"Starting tunnel With flags: --user s.m5@elsevier.com --key *****"}
{"level":"debug","time":"2023-02-03T11:52:29.601+0530","caller":"cmd/lt.go:211","msg":"Remote config fetched"}
{"level":"debug","time":"2023-02-03T11:52:29.685+0530","caller":"core/lifecycle.go:138","msg":"Starting sink proxy"}
{"level":"debug","time":"2023-02-03T11:52:29.686+0530","caller":"runtime/asm_amd64.s:1594","msg":"Trying over ssh over ws"}
{"level":"debug","time":"2023-02-03T11:52:29.686+0530","caller":"runtime/asm_amd64.s:1594","msg":"Trying on port 443"}
{"level":"debug","time":"2023-02-03T11:52:29.686+0530","caller":"runtime/asm_amd64.s:1594","msg":"Trying on port 22"}
{"level":"info","time":"2023-02-03T11:52:29.740+0530","caller":"custom/setup.go:749","msg":"Tunnel binary started on port :9090"}
{"level":"debug","time":"2023-02-03T11:52:30.368+0530","caller":"runtime/asm_amd64.s:1594","msg":"WSS connection was successful"}
{"level":"debug","time":"2023-02-03T11:52:31.766+0530","caller":"runtime/asm_amd64.s:1594","msg":"SSH connection over port 22 successful"}
{"level":"debug","time":"2023-02-03T11:52:31.784+0530","caller":"runtime/asm_amd64.s:1594","msg":"SSH connection over ws successful"}
{"level":"debug","time":"2023-02-03T11:52:32.993+0530","caller":"runtime/asm_amd64.s:1594","msg":"SSH connection over port 443 successful"}
{"level":"info","time":"2023-02-03T11:52:32.994+0530","caller":"core/lifecycle.go:115","msg":"Using ssh(over_22) :: connection mode"}
{"level":"debug","time":"2023-02-03T11:52:32.997+0530","caller":"core/lifecycle.go:233","msg":"Starting control ws connection at wss://ts.lambdatest.com/monitor"}
{"level":"info","time":"2023-02-03T11:52:32.996+0530","caller":"cmd/lt.go:211","msg":"Launching tunnel"}
{"level":"debug","time":"2023-02-03T11:52:33.956+0530","caller":"core/lifecycle.go:233","msg":"Control ws channel opened"}
{"level":"debug","time":"2023-02-03T11:52:33.957+0530","caller":"runtime/asm_amd64.s:1594","msg":"Starting message listener on control connection"}
{"level":"debug","time":"2023-02-03T11:52:36.543+0530","caller":"runtime/asm_amd64.s:1594","msg":"Sending tunnel registered message to channels"}
{"level":"debug","time":"2023-02-03T11:52:36.543+0530","caller":"core/lifecycle.go:283","msg":"Using 5 ssh connection"}
{"level":"debug","time":"2023-02-03T11:52:36.543+0530","caller":"runtime/asm_amd64.s:1594","msg":"Tunnel registered message received on control channel"}
{"level":"debug","time":"2023-02-03T11:52:36.543+0530","caller":"runtime/asm_amd64.s:1594","msg":"controller bus registered"}
{"level":"debug","time":"2023-02-03T11:52:47.675+0530","caller":"runtime/asm_amd64.s:1594","msg":"Successfully started sshd listener on port: 30348"}
{"level":"debug","time":"2023-02-03T11:52:48.911+0530","caller":"runtime/asm_amd64.s:1594","msg":"Successfully started sshd listener on port: 16848"}
{"level":"info","time":"2023-02-03T11:52:48.911+0530","caller":"runtime/asm_amd64.s:1594","msg":"You can start testing now"}
{"level":"info","time":"2023-02-03T11:52:48.912+0530","caller":"runtime/asm_amd64.s:1594","msg":"Tunnel ID: 3077843"}
{"level":"debug","time":"2023-02-03T11:52:48.912+0530","caller":"runtime/asm_amd64.s:1594","msg":"Remote Listener Started on Port 3549"}
{"level":"debug","time":"2023-02-03T11:52:52.529+0530","caller":"runtime/asm_amd64.s:1594","msg":"Successfully started sshd listener on port: 27968"}
{"level":"debug","time":"2023-02-03T11:52:52.529+0530","caller":"runtime/asm_amd64.s:1594","msg":"Successfully started sshd listener on port: 30893"}
{"level":"debug","time":"2023-02-03T11:52:52.541+0530","caller":"runtime/asm_amd64.s:1594","msg":"Successfully started sshd listener on port: 25365"}
{"level":"info","time":"2023-02-03T11:55:38.700+0530","caller":"runtime/asm_amd64.s:1594","msg":"Tunnel closure requested from server. Exiting"}
{"level":"info","time":"2023-02-03T11:57:27.440+0530","caller":"cobra@v1.1.1/command.go:854","msg":"LambdaTest Tunnel version: 3.1.25"}
{"level":"debug","time":"2023-02-03T11:57:27.440+0530","caller":"cmd/lt.go:211","msg":"Starting pipeline....."}
{"level":"debug","time":"2023-02-03T11:57:27.440+0530","caller":"cmd/lt.go:211","msg":"OS: windows, Arch: amd64"}
{"level":"debug","time":"2023-02-03T11:57:27.440+0530","caller":"cmd/lt.go:211","msg":"Fetching config"}
{"level":"warn","time":"2023-02-03T11:57:27.440+0530","caller":"core/lifecycle.go:47","msg":"Tunnel Name was not specified, using: e1e20f75-1ddb-48e7-8ee1-d76939732eb8"}
{"level":"debug","time":"2023-02-03T11:57:27.440+0530","caller":"runtime/asm_amd64.s:1594","msg":"Starting tunnel With flags: --user s.m5@elsevier.com --key *****"}
{"level":"debug","time":"2023-02-03T11:57:31.451+0530","caller":"cmd/lt.go:211","msg":"Remote config fetched"}
{"level":"debug","time":"2023-02-03T11:57:31.540+0530","caller":"core/lifecycle.go:138","msg":"Starting sink proxy"}
{"level":"debug","time":"2023-02-03T11:57:31.540+0530","caller":"runtime/asm_amd64.s:1594","msg":"Trying on port 22"}
{"level":"debug","time":"2023-02-03T11:57:31.540+0530","caller":"runtime/asm_amd64.s:1594","msg":"Trying on port 443"}
{"level":"debug","time":"2023-02-03T11:57:31.540+0530","caller":"runtime/asm_amd64.s:1594","msg":"Trying over ssh over ws"}
{"level":"info","time":"2023-02-03T11:57:31.599+0530","caller":"custom/setup.go:749","msg":"Tunnel binary started on port :9090"}
{"level":"debug","time":"2023-02-03T11:57:32.109+0530","caller":"runtime/asm_amd64.s:1594","msg":"WSS connection was successful"}
{"level":"debug","time":"2023-02-03T11:57:32.933+0530","caller":"runtime/asm_amd64.s:1594","msg":"SSH connection over port 22 successful"}
{"level":"debug","time":"2023-02-03T11:57:33.050+0530","caller":"runtime/asm_amd64.s:1594","msg":"SSH connection over ws successful"}
{"level":"debug","time":"2023-02-03T11:57:36.050+0530","caller":"runtime/asm_amd64.s:1594","msg":"SSH connection over port 443 successful"}
{"level":"info","time":"2023-02-03T11:57:36.050+0530","caller":"core/lifecycle.go:115","msg":"Using ssh(over_22) :: connection mode"}
{"level":"debug","time":"2023-02-03T11:57:36.051+0530","caller":"core/lifecycle.go:233","msg":"Starting control ws connection at wss://ts.lambdatest.com/monitor"}
{"level":"info","time":"2023-02-03T11:57:36.051+0530","caller":"cmd/lt.go:211","msg":"Launching tunnel"}
{"level":"debug","time":"2023-02-03T11:57:37.196+0530","caller":"core/lifecycle.go:233","msg":"Control ws channel opened"}
{"level":"debug","time":"2023-02-03T11:57:37.196+0530","caller":"runtime/asm_amd64.s:1594","msg":"Starting message listener on control connection"}
{"level":"debug","time":"2023-02-03T11:57:38.792+0530","caller":"runtime/asm_amd64.s:1594","msg":"Tunnel registered message received on control channel"}
{"level":"debug","time":"2023-02-03T11:57:38.792+0530","caller":"runtime/asm_amd64.s:1594","msg":"controller bus registered"}
{"level":"debug","time":"2023-02-03T11:57:38.792+0530","caller":"runtime/asm_amd64.s:1594","msg":"Sending tunnel registered message to channels"}
{"level":"debug","time":"2023-02-03T11:57:38.792+0530","caller":"core/lifecycle.go:283","msg":"Using 5 ssh connection"}
{"level":"debug","time":"2023-02-03T11:57:40.267+0530","caller":"runtime/asm_amd64.s:1594","msg":"Successfully started sshd listener on port: 10561"}
{"level":"debug","time":"2023-02-03T11:57:40.510+0530","caller":"runtime/asm_amd64.s:1594","msg":"Successfully started sshd listener on port: 16349"}
{"level":"debug","time":"2023-02-03T11:57:40.510+0530","caller":"runtime/asm_amd64.s:1594","msg":"Successfully started sshd listener on port: 31772"}
{"level":"debug","time":"2023-02-03T11:57:40.510+0530","caller":"runtime/asm_amd64.s:1594","msg":"Successfully started sshd listener on port: 1424"}
{"level":"info","time":"2023-02-03T11:57:40.510+0530","caller":"runtime/asm_amd64.s:1594","msg":"You can start testing now"}
{"level":"info","time":"2023-02-03T11:57:40.511+0530","caller":"runtime/asm_amd64.s:1594","msg":"Tunnel ID: 3077873"}
{"level":"debug","time":"2023-02-03T11:57:40.511+0530","caller":"runtime/asm_amd64.s:1594","msg":"Remote Listener Started on Port 21019"}
{"level":"debug","time":"2023-02-03T11:57:40.529+0530","caller":"runtime/asm_amd64.s:1594","msg":"Successfully started sshd listener on port: 5109"}
{"level":"info","time":"2023-02-03T11:58:41.970+0530","caller":"runtime/asm_amd64.s:1594","msg":"Tunnel closure requested from server. Exiting"}
{"level":"info","time":"2023-02-03T11:59:01.015+0530","caller":"cobra@v1.1.1/command.go:854","msg":"LambdaTest Tunnel version: 3.1.25"}
{"level":"debug","time":"2023-02-03T11:59:01.017+0530","caller":"cmd/lt.go:211","msg":"Starting pipeline....."}
{"level":"debug","time":"2023-02-03T11:59:01.018+0530","caller":"cmd/lt.go:211","msg":"OS: windows, Arch: amd64"}
{"level":"debug","time":"2023-02-03T11:59:01.018+0530","caller":"cmd/lt.go:211","msg":"Fetching config"}
{"level":"warn","time":"2023-02-03T11:59:01.018+0530","caller":"core/lifecycle.go:47","msg":"Tunnel Name was not specified, using: d3c156ef-b5e1-4667-9cb9-85bfc4300ba0"}
{"level":"debug","time":"2023-02-03T11:59:01.018+0530","caller":"runtime/asm_amd64.s:1594","msg":"Starting tunnel With flags: --user s.m5@elsevier.com --key *****"}
{"level":"debug","time":"2023-02-03T11:59:02.020+0530","caller":"cmd/lt.go:211","msg":"Remote config fetched"}
{"level":"debug","time":"2023-02-03T11:59:02.095+0530","caller":"core/lifecycle.go:138","msg":"Starting sink proxy"}
{"level":"debug","time":"2023-02-03T11:59:02.096+0530","caller":"runtime/asm_amd64.s:1594","msg":"Trying on port 22"}
{"level":"debug","time":"2023-02-03T11:59:02.096+0530","caller":"runtime/asm_amd64.s:1594","msg":"Trying over ssh over ws"}
{"level":"debug","time":"2023-02-03T11:59:02.096+0530","caller":"runtime/asm_amd64.s:1594","msg":"Trying on port 443"}
{"level":"info","time":"2023-02-03T11:59:02.159+0530","caller":"custom/setup.go:749","msg":"Tunnel binary started on port :9090"}
{"level":"debug","time":"2023-02-03T11:59:02.544+0530","caller":"runtime/asm_amd64.s:1594","msg":"WSS connection was successful"}
{"level":"debug","time":"2023-02-03T11:59:05.094+0530","caller":"runtime/asm_amd64.s:1594","msg":"SSH connection over port 22 successful"}
{"level":"debug","time":"2023-02-03T11:59:05.825+0530","caller":"runtime/asm_amd64.s:1594","msg":"SSH connection over ws successful"}
{"level":"debug","time":"2023-02-03T11:59:07.100+0530","caller":"runtime/asm_amd64.s:1594","msg":"SSH connection over port 443 successful"}
{"level":"info","time":"2023-02-03T11:59:07.100+0530","caller":"core/lifecycle.go:115","msg":"Using ssh(over_22) :: connection mode"}
{"level":"debug","time":"2023-02-03T11:59:07.102+0530","caller":"core/lifecycle.go:233","msg":"Starting control ws connection at wss://ts.lambdatest.com/monitor"}
{"level":"info","time":"2023-02-03T11:59:07.101+0530","caller":"cmd/lt.go:211","msg":"Launching tunnel"}
{"level":"debug","time":"2023-02-03T11:59:08.186+0530","caller":"core/lifecycle.go:233","msg":"Control ws channel opened"}
{"level":"debug","time":"2023-02-03T11:59:08.186+0530","caller":"runtime/asm_amd64.s:1594","msg":"Starting message listener on control connection"}
{"level":"debug","time":"2023-02-03T11:59:09.412+0530","caller":"runtime/asm_amd64.s:1594","msg":"Sending tunnel registered message to channels"}
{"level":"debug","time":"2023-02-03T11:59:09.412+0530","caller":"core/lifecycle.go:283","msg":"Using 5 ssh connection"}
{"level":"debug","time":"2023-02-03T11:59:09.412+0530","caller":"runtime/asm_amd64.s:1594","msg":"Tunnel registered message received on control channel"}
{"level":"debug","time":"2023-02-03T11:59:09.412+0530","caller":"runtime/asm_amd64.s:1594","msg":"controller bus registered"}
{"level":"debug","time":"2023-02-03T11:59:11.215+0530","caller":"runtime/asm_amd64.s:1594","msg":"Successfully started sshd listener on port: 22338"}
{"level":"debug","time":"2023-02-03T11:59:11.215+0530","caller":"runtime/asm_amd64.s:1594","msg":"Successfully started sshd listener on port: 11585"}
{"level":"info","time":"2023-02-03T11:59:11.215+0530","caller":"runtime/asm_amd64.s:1594","msg":"You can start testing now"}
{"level":"info","time":"2023-02-03T11:59:11.216+0530","caller":"runtime/asm_amd64.s:1594","msg":"Tunnel ID: 3077877"}
{"level":"debug","time":"2023-02-03T11:59:11.216+0530","caller":"runtime/asm_amd64.s:1594","msg":"Remote Listener Started on Port 15432"}
{"level":"debug","time":"2023-02-03T11:59:11.456+0530","caller":"runtime/asm_amd64.s:1594","msg":"Successfully started sshd listener on port: 11831"}
{"level":"debug","time":"2023-02-03T11:59:11.499+0530","caller":"runtime/asm_amd64.s:1594","msg":"Successfully started sshd listener on port: 26066"}
{"level":"debug","time":"2023-02-03T11:59:11.531+0530","caller":"runtime/asm_amd64.s:1594","msg":"Successfully started sshd listener on port: 6331"}
{"level":"debug","time":"2023-02-03T12:03:14.593+0530","caller":"runtime/asm_amd64.s:1594","msg":"Remote connection on remote port: 11831 closed, reason: EOF"}
{"level":"debug","time":"2023-02-03T12:03:14.593+0530","caller":"runtime/asm_amd64.s:1594","msg":"Remote connection on remote port: 26066 closed, reason: EOF"}
{"level":"debug","time":"2023-02-03T12:03:14.593+0530","caller":"runtime/asm_amd64.s:1594","msg":"Remote connection on remote port: 6331 closed, reason: EOF"}
{"level":"debug","time":"2023-02-03T12:03:29.550+0530","caller":"runtime/asm_amd64.s:1594","msg":"Unusual close error on control channel..."}
{"level":"debug","time":"2023-02-03T12:03:29.551+0530","caller":"runtime/asm_amd64.s:1594","msg":"Write loop ended for control channel"}
{"level":"error","time":"2023-02-03T12:03:29.550+0530","caller":"core/lifecycle.go:233","msg":"Control connection break error"}
{"level":"warn","time":"2023-02-03T12:03:29.554+0530","caller":"core/lifecycle.go:233","msg":"Retrying"}
{"level":"error","time":"2023-02-03T12:03:29.555+0530","caller":"core/lifecycle.go:233","msg":"ERR::WS::CTRL::CONN::DWN : Control websocket connection closed read tcp 192.168.43.231:58974->13.126.37.58:443: i/o timeout "}
{"level":"error","time":"2023-02-03T12:03:31.066+0530","caller":"runtime/asm_amd64.s:1594","msg":"failed to start remote listener on port: 6331 ssh: tcpip-forward request denied by peer"}
{"level":"warn","time":"2023-02-03T12:03:31.069+0530","caller":"runtime/asm_amd64.s:1594","msg":"Retrying"}
{"level":"debug","time":"2023-02-03T12:03:31.113+0530","caller":"core/lifecycle.go:233","msg":"Control ws channel opened"}
{"level":"debug","time":"2023-02-03T12:03:31.113+0530","caller":"runtime/asm_amd64.s:1594","msg":"Starting message listener on control connection"}
{"level":"error","time":"2023-02-03T12:03:31.185+0530","caller":"runtime/asm_amd64.s:1594","msg":"failed to start remote listener on port: 26066 ssh: tcpip-forward request denied by peer"}
{"level":"warn","time":"2023-02-03T12:03:31.187+0530","caller":"runtime/asm_amd64.s:1594","msg":"Retrying"}
{"level":"error","time":"2023-02-03T12:03:31.353+0530","caller":"runtime/asm_amd64.s:1594","msg":"failed to start remote listener on port: 11831 ssh: tcpip-forward request denied by peer"}
{"level":"warn","time":"2023-02-03T12:03:31.355+0530","caller":"runtime/asm_amd64.s:1594","msg":"Retrying"}
{"level":"error","time":"2023-02-03T12:03:33.661+0530","caller":"runtime/asm_amd64.s:1594","msg":"failed to start remote listener on port: 6331 ssh: tcpip-forward request denied by peer"}
{"level":"warn","time":"2023-02-03T12:03:33.663+0530","caller":"runtime/asm_amd64.s:1594","msg":"Retrying"}
{"level":"error","time":"2023-02-03T12:03:33.732+0530","caller":"runtime/asm_amd64.s:1594","msg":"failed to start remote listener on port: 26066 ssh: tcpip-forward request denied by peer"}
{"level":"warn","time":"2023-02-03T12:03:33.735+0530","caller":"runtime/asm_amd64.s:1594","msg":"Retrying"}
{"level":"error","time":"2023-02-03T12:03:33.851+0530","caller":"runtime/asm_amd64.s:1594","msg":"failed to start remote listener on port: 11831 ssh: tcpip-forward request denied by peer"}
{"level":"warn","time":"2023-02-03T12:03:33.854+0530","caller":"runtime/asm_amd64.s:1594","msg":"Retrying"}
{"level":"debug","time":"2023-02-03T12:03:34.012+0530","caller":"runtime/asm_amd64.s:1594","msg":"Remote connection on remote port: 11585 closed, reason: EOF"}
{"level":"debug","time":"2023-02-03T12:03:34.012+0530","caller":"runtime/asm_amd64.s:1594","msg":"Remote connection on remote port: 22338 closed, reason: EOF"}
{"level":"error","time":"2023-02-03T12:03:35.780+0530","caller":"runtime/asm_amd64.s:1594","msg":"failed to start remote listener on port: 11585 ssh: tcpip-forward request denied by peer"}
{"level":"warn","time":"2023-02-03T12:03:35.784+0530","caller":"runtime/asm_amd64.s:1594","msg":"Retrying"}
{"level":"error","time":"2023-02-03T12:03:35.863+0530","caller":"runtime/asm_amd64.s:1594","msg":"failed to start remote listener on port: 22338 ssh: tcpip-forward request denied by peer"}
{"level":"warn","time":"2023-02-03T12:03:35.866+0530","caller":"runtime/asm_amd64.s:1594","msg":"Retrying"}
{"level":"error","time":"2023-02-03T12:03:36.859+0530","caller":"runtime/asm_amd64.s:1594","msg":"failed to start remote listener on port: 6331 ssh: tcpip-forward request denied by peer"}
{"level":"debug","time":"2023-02-03T12:03:36.861+0530","caller":"runtime/asm_amd64.s:1594","msg":"closed ssh connection with port 6331"}
{"level":"debug","time":"2023-02-03T12:03:36.861+0530","caller":"core/lifecycle.go:283","msg":"SSH channel connection error: ERR::SSH::BIND::PORT : Failed to start port listener on remote server "}
{"level":"error","time":"2023-02-03T12:03:36.865+0530","caller":"runtime/asm_amd64.s:1594","msg":"failed to start remote listener on port: 26066 ssh: tcpip-forward request denied by peer"}
{"level":"debug","time":"2023-02-03T12:03:36.866+0530","caller":"runtime/asm_amd64.s:1594","msg":"closed ssh connection with port 26066"}
{"level":"debug","time":"2023-02-03T12:03:36.866+0530","caller":"core/lifecycle.go:283","msg":"SSH channel connection error: ERR::SSH::BIND::PORT : Failed to start port listener on remote server "}
{"level":"error","time":"2023-02-03T12:03:37.077+0530","caller":"runtime/asm_amd64.s:1594","msg":"failed to start remote listener on port: 11831 ssh: tcpip-forward request denied by peer"}
{"level":"debug","time":"2023-02-03T12:03:37.079+0530","caller":"runtime/asm_amd64.s:1594","msg":"closed ssh connection with port 11831"}
{"level":"debug","time":"2023-02-03T12:03:37.079+0530","caller":"core/lifecycle.go:283","msg":"SSH channel connection error: ERR::SSH::BIND::PORT : Failed to start port listener on remote server "}
{"level":"debug","time":"2023-02-03T12:03:37.119+0530","caller":"core/lifecycle.go:283","msg":"Got retry from server for port 6331"}
{"level":"debug","time":"2023-02-03T12:03:37.317+0530","caller":"core/lifecycle.go:283","msg":"Got retry from server for port 26066"}
{"level":"debug","time":"2023-02-03T12:03:37.510+0530","caller":"core/lifecycle.go:283","msg":"Got retry from server for port 11831"}
{"level":"error","time":"2023-02-03T12:03:38.062+0530","caller":"runtime/asm_amd64.s:1594","msg":"failed to start remote listener on port: 11585 ssh: tcpip-forward request denied by peer"}
{"level":"warn","time":"2023-02-03T12:03:38.063+0530","caller":"runtime/asm_amd64.s:1594","msg":"Retrying"}
{"level":"error","time":"2023-02-03T12:03:38.268+0530","caller":"runtime/asm_amd64.s:1594","msg":"failed to start remote listener on port: 22338 ssh: tcpip-forward request denied by peer"}
{"level":"warn","time":"2023-02-03T12:03:38.270+0530","caller":"runtime/asm_amd64.s:1594","msg":"Retrying"}
{"level":"debug","time":"2023-02-03T12:03:38.421+0530","caller":"runtime/asm_amd64.s:1594","msg":"Successfully reconnected remote listener on port: 6331"}
{"level":"debug","time":"2023-02-03T12:03:38.651+0530","caller":"runtime/asm_amd64.s:1594","msg":"Successfully reconnected remote listener on port: 26066"}
{"level":"debug","time":"2023-02-03T12:03:39.219+0530","caller":"runtime/asm_amd64.s:1594","msg":"Successfully reconnected remote listener on port: 11831"}
{"level":"error","time":"2023-02-03T12:03:43.037+0530","caller":"runtime/asm_amd64.s:1594","msg":"failed to start remote listener on port: 11585 ssh: tcpip-forward request denied by peer"}
{"level":"debug","time":"2023-02-03T12:03:43.041+0530","caller":"runtime/asm_amd64.s:1594","msg":"closed ssh connection with port 11585"}
{"level":"debug","time":"2023-02-03T12:03:43.041+0530","caller":"core/lifecycle.go:283","msg":"SSH channel connection error: ERR::SSH::BIND::PORT : Failed to start port listener on remote server "}
{"level":"debug","time":"2023-02-03T12:03:43.360+0530","caller":"core/lifecycle.go:283","msg":"Got retry from server for port 11585"}
{"level":"error","time":"2023-02-03T12:03:43.949+0530","caller":"runtime/asm_amd64.s:1594","msg":"failed to start remote listener on port: 22338 ssh: tcpip-forward request denied by peer"}
{"level":"debug","time":"2023-02-03T12:03:43.952+0530","caller":"runtime/asm_amd64.s:1594","msg":"closed ssh connection with port 22338"}
{"level":"debug","time":"2023-02-03T12:03:43.952+0530","caller":"core/lifecycle.go:283","msg":"SSH channel connection error: ERR::SSH::BIND::PORT : Failed to start port listener on remote server "}
{"level":"debug","time":"2023-02-03T12:03:44.305+0530","caller":"core/lifecycle.go:283","msg":"Got retry from server for port 22338"}
{"level":"debug","time":"2023-02-03T12:03:44.615+0530","caller":"runtime/asm_amd64.s:1594","msg":"Successfully reconnected remote listener on port: 11585"}
{"level":"debug","time":"2023-02-03T12:03:45.458+0530","caller":"runtime/asm_amd64.s:1594","msg":"Successfully reconnected remote listener on port: 22338"}
